eceee68cf46bba9f7f42887c2128b48e8861e31b
Already on 'master'
Your branch is up-to-date with 'origin/master'.
From https://github.com/halfo/lambda-mod-zsh-theme
 * branch            master     -> FETCH_HEAD
Current branch master is up to date.
eceee68cf46bba9f7f42887c2128b48e8861e31b
ff5629e60b815b3c21ef216d5ba5943932589758
Already on 'master'
Your branch is up-to-date with 'origin/master'.
From https://github.com/robbyrussell/oh-my-zsh
 * branch            master     -> FETCH_HEAD
   ff5629e..d2725d4  master     -> origin/master
First, rewinding head to replay your work on top of it...
Fast-forwarded master to d2725d44fce59ea7060b4d712c5739512a56882d.
d2725d44fce59ea7060b4d712c5739512a56882d
aac4a4423898fccbd1ab72c369ac09995a9139f1
Already on 'master'
Your branch is up-to-date with 'origin/master'.
From https://github.com/zsh-users/zsh-syntax-highlighting
 * branch            master     -> FETCH_HEAD
   aac4a44..9523d6d  master     -> origin/master
First, rewinding head to replay your work on top of it...
Fast-forwarded master to 9523d6d49cb3d4db5bd84c3cec6168a2057fe3ab.
9523d6d49cb3d4db5bd84c3cec6168a2057fe3ab
Cloning into '/home/alde/.antigen/repos/https-COLON--SLASH--SLASH-github.com-SLASH-robbyrussell-SLASH-oh-my-zsh.git'...
Cloning into '/home/alde/.antigen/repos/https-COLON--SLASH--SLASH-github.com-SLASH-zsh-users-SLASH-zsh-syntax-highlighting.git'...
Cloning into '/home/alde/.antigen/repos/https-COLON--SLASH--SLASH-github.com-SLASH-halfo-SLASH-lambda-mod-zsh-theme-SLASH-'...
